{"/Users/devrct/Developer/shop/server/src/app.js": {"path":"/Users/devrct/Developer/shop/server/src/app.js","statementMap":{"0":{"start":{"line":1,"column":16},"end":{"line":1,"column":53}},"1":{"start":{"line":2,"column":13},"end":{"line":2,"column":28}},"2":{"start":{"line":3,"column":22},"end":{"line":3,"column":51}},"3":{"start":{"line":4,"column":30},"end":{"line":4,"column":55}},"4":{"start":{"line":5,"column":29},"end":{"line":5,"column":53}},"5":{"start":{"line":6,"column":24},"end":{"line":6,"column":44}},"6":{"start":{"line":7,"column":24},"end":{"line":7,"column":46}},"7":{"start":{"line":8,"column":15},"end":{"line":8,"column":49}},"8":{"start":{"line":11,"column":0},"end":{"line":14,"column":3}},"9":{"start":{"line":16,"column":0},"end":{"line":19,"column":3}},"10":{"start":{"line":22,"column":0},"end":{"line":22,"column":34}},"11":{"start":{"line":25,"column":0},"end":{"line":34,"column":3}},"12":{"start":{"line":26,"column":15},"end":{"line":26,"column":38}},"13":{"start":{"line":27,"column":2},"end":{"line":32,"column":5}},"14":{"start":{"line":33,"column":2},"end":{"line":33,"column":9}},"15":{"start":{"line":37,"column":0},"end":{"line":37,"column":26}},"16":{"start":{"line":38,"column":0},"end":{"line":38,"column":27}},"17":{"start":{"line":41,"column":0},"end":{"line":41,"column":21}},"18":{"start":{"line":43,"column":0},"end":{"line":43,"column":25}}},"fnMap":{"0":{"name":"(anonymous_0)","decl":{"start":{"line":25,"column":30},"end":{"line":25,"column":31}},"loc":{"start":{"line":25,"column":56},"end":{"line":34,"column":1}},"line":25}},"branchMap":{},"s":{"0":1,"1":1,"2":1,"3":1,"4":1,"5":1,"6":1,"7":1,"8":1,"9":1,"10":1,"11":1,"12":0,"13":0,"14":0,"15":1,"16":1,"17":1,"18":1},"f":{"0":0},"b":{},"_coverageSchema":"1a1c01bbd47fc00a2c39e90264f33305004495a9","hash":"776bf06d2b01941768b8df6e1c8531b373a22256"}
,"/Users/devrct/Developer/shop/server/src/common/helpers/email.js": {"path":"/Users/devrct/Developer/shop/server/src/common/helpers/email.js","statementMap":{"0":{"start":{"line":1,"column":19},"end":{"line":1,"column":40}},"1":{"start":{"line":2,"column":15},"end":{"line":2,"column":43}},"2":{"start":{"line":4,"column":20},"end":{"line":12,"column":2}},"3":{"start":{"line":14,"column":29},"end":{"line":27,"column":1}},"4":{"start":{"line":15,"column":2},"end":{"line":26,"column":3}},"5":{"start":{"line":16,"column":4},"end":{"line":21,"column":7}},"6":{"start":{"line":22,"column":4},"end":{"line":22,"column":54}},"7":{"start":{"line":24,"column":4},"end":{"line":24,"column":70}},"8":{"start":{"line":25,"column":4},"end":{"line":25,"column":56}},"9":{"start":{"line":29,"column":0},"end":{"line":29,"column":42}}},"fnMap":{"0":{"name":"(anonymous_0)","decl":{"start":{"line":14,"column":29},"end":{"line":14,"column":30}},"loc":{"start":{"line":14,"column":52},"end":{"line":27,"column":1}},"line":14}},"branchMap":{},"s":{"0":1,"1":1,"2":1,"3":1,"4":0,"5":0,"6":0,"7":0,"8":0,"9":1},"f":{"0":0},"b":{},"_coverageSchema":"1a1c01bbd47fc00a2c39e90264f33305004495a9","hash":"2fcdef67d547129e5fbc9019ebe6c587d2797bff"}
,"/Users/devrct/Developer/shop/server/src/common/helpers/formatResponse.js": {"path":"/Users/devrct/Developer/shop/server/src/common/helpers/formatResponse.js","statementMap":{"0":{"start":{"line":1,"column":23},"end":{"line":13,"column":2}},"1":{"start":{"line":6,"column":6},"end":{"line":13,"column":1}},"2":{"start":{"line":15,"column":0},"end":{"line":15,"column":36}}},"fnMap":{"0":{"name":"(anonymous_0)","decl":{"start":{"line":1,"column":23},"end":{"line":1,"column":24}},"loc":{"start":{"line":6,"column":6},"end":{"line":13,"column":1}},"line":6}},"branchMap":{"0":{"loc":{"start":{"line":3,"column":2},"end":{"line":3,"column":18}},"type":"default-arg","locations":[{"start":{"line":3,"column":13},"end":{"line":3,"column":18}}],"line":3},"1":{"loc":{"start":{"line":4,"column":2},"end":{"line":4,"column":16}},"type":"default-arg","locations":[{"start":{"line":4,"column":12},"end":{"line":4,"column":16}}],"line":4},"2":{"loc":{"start":{"line":5,"column":2},"end":{"line":5,"column":14}},"type":"default-arg","locations":[{"start":{"line":5,"column":11},"end":{"line":5,"column":14}}],"line":5},"3":{"loc":{"start":{"line":7,"column":8},"end":{"line":7,"column":28}},"type":"cond-expr","locations":[{"start":{"line":7,"column":19},"end":{"line":7,"column":21}},{"start":{"line":7,"column":24},"end":{"line":7,"column":28}}],"line":7}},"s":{"0":1,"1":0,"2":1},"f":{"0":0},"b":{"0":[0],"1":[0],"2":[0],"3":[0,0]},"_coverageSchema":"1a1c01bbd47fc00a2c39e90264f33305004495a9","hash":"acf6401ff95e98b1ff22edc22f7f26ba23a85d44"}
,"/Users/devrct/Developer/shop/server/src/common/logger/winston.js": {"path":"/Users/devrct/Developer/shop/server/src/common/logger/winston.js","statementMap":{"0":{"start":{"line":1,"column":16},"end":{"line":1,"column":34}},"1":{"start":{"line":2,"column":14},"end":{"line":2,"column":35}},"2":{"start":{"line":5,"column":24},"end":{"line":13,"column":4}},"3":{"start":{"line":6,"column":2},"end":{"line":13,"column":4}},"4":{"start":{"line":16,"column":15},"end":{"line":71,"column":2}},"5":{"start":{"line":22,"column":22},"end":{"line":22,"column":24}},"6":{"start":{"line":23,"column":23},"end":{"line":23,"column":25}},"7":{"start":{"line":26,"column":6},"end":{"line":38,"column":7}},"8":{"start":{"line":28,"column":10},"end":{"line":28,"column":54}},"9":{"start":{"line":29,"column":10},"end":{"line":29,"column":16}},"10":{"start":{"line":31,"column":10},"end":{"line":31,"column":47}},"11":{"start":{"line":32,"column":10},"end":{"line":32,"column":16}},"12":{"start":{"line":34,"column":10},"end":{"line":34,"column":43}},"13":{"start":{"line":35,"column":10},"end":{"line":35,"column":16}},"14":{"start":{"line":37,"column":10},"end":{"line":37,"column":49}},"15":{"start":{"line":41,"column":6},"end":{"line":61,"column":7}},"16":{"start":{"line":43,"column":10},"end":{"line":45,"column":43}},"17":{"start":{"line":47,"column":10},"end":{"line":52,"column":53}},"18":{"start":{"line":54,"column":8},"end":{"line":58,"column":41}},"19":{"start":{"line":60,"column":8},"end":{"line":60,"column":95}},"20":{"start":{"line":63,"column":6},"end":{"line":63,"column":24}},"21":{"start":{"line":74,"column":11},"end":{"line":74,"column":24}},"22":{"start":{"line":75,"column":0},"end":{"line":77,"column":1}},"23":{"start":{"line":76,"column":2},"end":{"line":76,"column":23}},"24":{"start":{"line":79,"column":0},"end":{"line":79,"column":24}}},"fnMap":{"0":{"name":"(anonymous_0)","decl":{"start":{"line":5,"column":24},"end":{"line":5,"column":25}},"loc":{"start":{"line":6,"column":2},"end":{"line":13,"column":4}},"line":6},"1":{"name":"(anonymous_1)","decl":{"start":{"line":21,"column":26},"end":{"line":21,"column":27}},"loc":{"start":{"line":21,"column":74},"end":{"line":64,"column":5}},"line":21}},"branchMap":{"0":{"loc":{"start":{"line":26,"column":6},"end":{"line":38,"column":7}},"type":"switch","locations":[{"start":{"line":27,"column":8},"end":{"line":29,"column":16}},{"start":{"line":30,"column":8},"end":{"line":32,"column":16}},{"start":{"line":33,"column":8},"end":{"line":35,"column":16}},{"start":{"line":36,"column":8},"end":{"line":37,"column":49}}],"line":26},"1":{"loc":{"start":{"line":41,"column":6},"end":{"line":61,"column":7}},"type":"if","locations":[{"start":{"line":41,"column":6},"end":{"line":61,"column":7}},{"start":{"line":59,"column":13},"end":{"line":61,"column":7}}],"line":41},"2":{"loc":{"start":{"line":41,"column":10},"end":{"line":41,"column":41}},"type":"binary-expr","locations":[{"start":{"line":41,"column":10},"end":{"line":41,"column":25}},{"start":{"line":41,"column":29},"end":{"line":41,"column":41}}],"line":41},"3":{"loc":{"start":{"line":43,"column":10},"end":{"line":45,"column":43}},"type":"cond-expr","locations":[{"start":{"line":44,"column":14},"end":{"line":44,"column":28}},{"start":{"line":45,"column":14},"end":{"line":45,"column":43}}],"line":43},"4":{"loc":{"start":{"line":47,"column":10},"end":{"line":52,"column":53}},"type":"binary-expr","locations":[{"start":{"line":47,"column":10},"end":{"line":52,"column":28}},{"start":{"line":52,"column":32},"end":{"line":52,"column":53}}],"line":47},"5":{"loc":{"start":{"line":75,"column":0},"end":{"line":77,"column":1}},"type":"if","locations":[{"start":{"line":75,"column":0},"end":{"line":77,"column":1}},{"start":{},"end":{}}],"line":75}},"s":{"0":1,"1":1,"2":1,"3":0,"4":1,"5":0,"6":0,"7":0,"8":0,"9":0,"10":0,"11":0,"12":0,"13":0,"14":0,"15":0,"16":0,"17":0,"18":0,"19":0,"20":0,"21":1,"22":1,"23":0,"24":1},"f":{"0":0,"1":0},"b":{"0":[0,0,0,0],"1":[0,0],"2":[0,0],"3":[0,0],"4":[0,0],"5":[0,1]},"_coverageSchema":"1a1c01bbd47fc00a2c39e90264f33305004495a9","hash":"c59aac9a750f8adcc470c151fac4e1ebe3185642"}
,"/Users/devrct/Developer/shop/server/src/configs/database.js": {"path":"/Users/devrct/Developer/shop/server/src/configs/database.js","statementMap":{"0":{"start":{"line":1,"column":17},"end":{"line":1,"column":36}},"1":{"start":{"line":2,"column":19},"end":{"line":2,"column":35}},"2":{"start":{"line":4,"column":18},"end":{"line":15,"column":1}},"3":{"start":{"line":5,"column":2},"end":{"line":14,"column":3}},"4":{"start":{"line":6,"column":4},"end":{"line":9,"column":7}},"5":{"start":{"line":10,"column":4},"end":{"line":10,"column":37}},"6":{"start":{"line":12,"column":4},"end":{"line":12,"column":54}},"7":{"start":{"line":13,"column":4},"end":{"line":13,"column":20}},"8":{"start":{"line":17,"column":0},"end":{"line":17,"column":31}}},"fnMap":{"0":{"name":"(anonymous_0)","decl":{"start":{"line":4,"column":18},"end":{"line":4,"column":19}},"loc":{"start":{"line":4,"column":30},"end":{"line":15,"column":1}},"line":4}},"branchMap":{},"s":{"0":1,"1":1,"2":1,"3":0,"4":0,"5":0,"6":0,"7":0,"8":1},"f":{"0":0},"b":{},"_coverageSchema":"1a1c01bbd47fc00a2c39e90264f33305004495a9","hash":"4e1e1c61a3c50cf8f56a4886b0ab169adf89d5de"}
,"/Users/devrct/Developer/shop/server/src/configs/env.js": {"path":"/Users/devrct/Developer/shop/server/src/configs/env.js","statementMap":{"0":{"start":{"line":1,"column":0},"end":{"line":1,"column":27}},"1":{"start":{"line":3,"column":15},"end":{"line":7,"column":1}},"2":{"start":{"line":9,"column":0},"end":{"line":9,"column":28}}},"fnMap":{},"branchMap":{"0":{"loc":{"start":{"line":4,"column":8},"end":{"line":4,"column":32}},"type":"binary-expr","locations":[{"start":{"line":4,"column":8},"end":{"line":4,"column":24}},{"start":{"line":4,"column":28},"end":{"line":4,"column":32}}],"line":4}},"s":{"0":1,"1":1,"2":1},"f":{},"b":{"0":[1,0]},"_coverageSchema":"1a1c01bbd47fc00a2c39e90264f33305004495a9","hash":"ebef16cbfc71485d0c710ececd66788317814fc5"}
,"/Users/devrct/Developer/shop/server/src/interceptors/index.js": {"path":"/Users/devrct/Developer/shop/server/src/interceptors/index.js","statementMap":{"0":{"start":{"line":1,"column":26},"end":{"line":17,"column":1}},"1":{"start":{"line":3,"column":2},"end":{"line":8,"column":5}},"2":{"start":{"line":4,"column":21},"end":{"line":6,"column":5}},"3":{"start":{"line":7,"column":4},"end":{"line":7,"column":36}},"4":{"start":{"line":11,"column":2},"end":{"line":16,"column":5}},"5":{"start":{"line":12,"column":21},"end":{"line":14,"column":5}},"6":{"start":{"line":15,"column":4},"end":{"line":15,"column":36}},"7":{"start":{"line":19,"column":0},"end":{"line":19,"column":39}}},"fnMap":{"0":{"name":"(anonymous_0)","decl":{"start":{"line":1,"column":26},"end":{"line":1,"column":27}},"loc":{"start":{"line":1,"column":39},"end":{"line":17,"column":1}},"line":1},"1":{"name":"(anonymous_1)","decl":{"start":{"line":3,"column":28},"end":{"line":3,"column":29}},"loc":{"start":{"line":3,"column":63},"end":{"line":8,"column":3}},"line":3},"2":{"name":"(anonymous_2)","decl":{"start":{"line":11,"column":26},"end":{"line":11,"column":27}},"loc":{"start":{"line":11,"column":55},"end":{"line":16,"column":3}},"line":11}},"branchMap":{"0":{"loc":{"start":{"line":5,"column":20},"end":{"line":5,"column":35}},"type":"binary-expr","locations":[{"start":{"line":5,"column":20},"end":{"line":5,"column":27}},{"start":{"line":5,"column":31},"end":{"line":5,"column":35}}],"line":5},"1":{"loc":{"start":{"line":13,"column":20},"end":{"line":13,"column":35}},"type":"binary-expr","locations":[{"start":{"line":13,"column":20},"end":{"line":13,"column":27}},{"start":{"line":13,"column":31},"end":{"line":13,"column":35}}],"line":13}},"s":{"0":1,"1":1,"2":0,"3":0,"4":1,"5":0,"6":0,"7":1},"f":{"0":1,"1":0,"2":0},"b":{"0":[0,0],"1":[0,0]},"_coverageSchema":"1a1c01bbd47fc00a2c39e90264f33305004495a9","hash":"e4565867b5611d56e8be6b696e2e17276011236d"}
,"/Users/devrct/Developer/shop/server/src/middlewares/auth.middleware.js": {"path":"/Users/devrct/Developer/shop/server/src/middlewares/auth.middleware.js","statementMap":{"0":{"start":{"line":1,"column":12},"end":{"line":1,"column":35}},"1":{"start":{"line":2,"column":27},"end":{"line":2,"column":70}},"2":{"start":{"line":3,"column":15},"end":{"line":3,"column":50}},"3":{"start":{"line":5,"column":23},"end":{"line":30,"column":1}},"4":{"start":{"line":6,"column":2},"end":{"line":29,"column":3}},"5":{"start":{"line":7,"column":18},"end":{"line":7,"column":71}},"6":{"start":{"line":8,"column":4},"end":{"line":12,"column":5}},"7":{"start":{"line":9,"column":6},"end":{"line":11,"column":66}},"8":{"start":{"line":14,"column":20},"end":{"line":14,"column":61}},"9":{"start":{"line":15,"column":4},"end":{"line":15,"column":27}},"10":{"start":{"line":18,"column":4},"end":{"line":20,"column":5}},"11":{"start":{"line":19,"column":6},"end":{"line":19,"column":37}},"12":{"start":{"line":22,"column":4},"end":{"line":24,"column":5}},"13":{"start":{"line":23,"column":6},"end":{"line":23,"column":83}},"14":{"start":{"line":26,"column":4},"end":{"line":28,"column":71}},"15":{"start":{"line":32,"column":0},"end":{"line":32,"column":32}}},"fnMap":{"0":{"name":"(anonymous_0)","decl":{"start":{"line":5,"column":23},"end":{"line":5,"column":24}},"loc":{"start":{"line":5,"column":49},"end":{"line":30,"column":1}},"line":5}},"branchMap":{"0":{"loc":{"start":{"line":8,"column":4},"end":{"line":12,"column":5}},"type":"if","locations":[{"start":{"line":8,"column":4},"end":{"line":12,"column":5}},{"start":{},"end":{}}],"line":8},"1":{"loc":{"start":{"line":18,"column":4},"end":{"line":20,"column":5}},"type":"if","locations":[{"start":{"line":18,"column":4},"end":{"line":20,"column":5}},{"start":{},"end":{}}],"line":18},"2":{"loc":{"start":{"line":22,"column":4},"end":{"line":24,"column":5}},"type":"if","locations":[{"start":{"line":22,"column":4},"end":{"line":24,"column":5}},{"start":{},"end":{}}],"line":22}},"s":{"0":1,"1":1,"2":1,"3":1,"4":0,"5":0,"6":0,"7":0,"8":0,"9":0,"10":0,"11":0,"12":0,"13":0,"14":0,"15":1},"f":{"0":0},"b":{"0":[0,0],"1":[0,0],"2":[0,0]},"_coverageSchema":"1a1c01bbd47fc00a2c39e90264f33305004495a9","hash":"6ea02f3aea03994c8933fd81ea757ab5a168eb5e"}
,"/Users/devrct/Developer/shop/server/src/middlewares/index.js": {"path":"/Users/devrct/Developer/shop/server/src/middlewares/index.js","statementMap":{"0":{"start":{"line":1,"column":23},"end":{"line":1,"column":51}},"1":{"start":{"line":2,"column":18},"end":{"line":2,"column":48}},"2":{"start":{"line":3,"column":15},"end":{"line":3,"column":32}},"3":{"start":{"line":5,"column":25},"end":{"line":17,"column":1}},"4":{"start":{"line":7,"column":2},"end":{"line":7,"column":27}},"5":{"start":{"line":10,"column":2},"end":{"line":13,"column":5}},"6":{"start":{"line":16,"column":2},"end":{"line":16,"column":50}},"7":{"start":{"line":19,"column":0},"end":{"line":19,"column":38}}},"fnMap":{"0":{"name":"(anonymous_0)","decl":{"start":{"line":5,"column":25},"end":{"line":5,"column":26}},"loc":{"start":{"line":5,"column":38},"end":{"line":17,"column":1}},"line":5}},"branchMap":{},"s":{"0":1,"1":1,"2":1,"3":1,"4":1,"5":1,"6":1,"7":1},"f":{"0":1},"b":{},"_coverageSchema":"1a1c01bbd47fc00a2c39e90264f33305004495a9","hash":"19176093e03c50dbeb191b23209e929ad2a5b4ec"}
,"/Users/devrct/Developer/shop/server/src/middlewares/validate.middleware.js": {"path":"/Users/devrct/Developer/shop/server/src/middlewares/validate.middleware.js","statementMap":{"0":{"start":{"line":1,"column":27},"end":{"line":13,"column":1}},"1":{"start":{"line":2,"column":2},"end":{"line":12,"column":4}},"2":{"start":{"line":3,"column":4},"end":{"line":11,"column":5}},"3":{"start":{"line":4,"column":6},"end":{"line":4,"column":44}},"4":{"start":{"line":6,"column":6},"end":{"line":10,"column":9}},"5":{"start":{"line":15,"column":0},"end":{"line":15,"column":36}}},"fnMap":{"0":{"name":"(anonymous_0)","decl":{"start":{"line":1,"column":27},"end":{"line":1,"column":28}},"loc":{"start":{"line":1,"column":39},"end":{"line":13,"column":1}},"line":1},"1":{"name":"(anonymous_1)","decl":{"start":{"line":2,"column":9},"end":{"line":2,"column":10}},"loc":{"start":{"line":2,"column":35},"end":{"line":12,"column":3}},"line":2}},"branchMap":{},"s":{"0":1,"1":4,"2":0,"3":0,"4":0,"5":1},"f":{"0":4,"1":0},"b":{},"_coverageSchema":"1a1c01bbd47fc00a2c39e90264f33305004495a9","hash":"868a51e940de33fa7123a2cebedc0fbb5b7bf927"}
,"/Users/devrct/Developer/shop/server/src/modules/index.js": {"path":"/Users/devrct/Developer/shop/server/src/modules/index.js","statementMap":{"0":{"start":{"line":1,"column":19},"end":{"line":1,"column":48}},"1":{"start":{"line":2,"column":21},"end":{"line":2,"column":54}},"2":{"start":{"line":4,"column":20},"end":{"line":7,"column":1}},"3":{"start":{"line":5,"column":2},"end":{"line":5,"column":57}},"4":{"start":{"line":6,"column":2},"end":{"line":6,"column":61}},"5":{"start":{"line":9,"column":0},"end":{"line":9,"column":33}}},"fnMap":{"0":{"name":"(anonymous_0)","decl":{"start":{"line":4,"column":20},"end":{"line":4,"column":21}},"loc":{"start":{"line":4,"column":33},"end":{"line":7,"column":1}},"line":4}},"branchMap":{},"s":{"0":1,"1":1,"2":1,"3":1,"4":1,"5":1},"f":{"0":1},"b":{},"_coverageSchema":"1a1c01bbd47fc00a2c39e90264f33305004495a9","hash":"fdc088adf794ab72eb16f659d987bee5e86a0933"}
,"/Users/devrct/Developer/shop/server/src/modules/banner/banner.controller.js": {"path":"/Users/devrct/Developer/shop/server/src/modules/banner/banner.controller.js","statementMap":{"0":{"start":{"line":1,"column":26},"end":{"line":1,"column":53}},"1":{"start":{"line":2,"column":15},"end":{"line":2,"column":53}},"2":{"start":{"line":3,"column":27},"end":{"line":3,"column":73}},"3":{"start":{"line":5,"column":25},"end":{"line":119,"column":1}},"4":{"start":{"line":8,"column":4},"end":{"line":28,"column":5}},"5":{"start":{"line":9,"column":25},"end":{"line":12,"column":7}},"6":{"start":{"line":13,"column":21},"end":{"line":13,"column":59}},"7":{"start":{"line":14,"column":6},"end":{"line":14,"column":53}},"8":{"start":{"line":15,"column":6},"end":{"line":24,"column":9}},"9":{"start":{"line":26,"column":6},"end":{"line":26,"column":62}},"10":{"start":{"line":27,"column":6},"end":{"line":27,"column":58}},"11":{"start":{"line":33,"column":4},"end":{"line":49,"column":5}},"12":{"start":{"line":34,"column":22},"end":{"line":34,"column":51}},"13":{"start":{"line":35,"column":31},"end":{"line":44,"column":9}},"14":{"start":{"line":35,"column":56},"end":{"line":44,"column":7}},"15":{"start":{"line":45,"column":6},"end":{"line":45,"column":46}},"16":{"start":{"line":47,"column":6},"end":{"line":47,"column":63}},"17":{"start":{"line":48,"column":6},"end":{"line":48,"column":58}},"18":{"start":{"line":54,"column":4},"end":{"line":72,"column":5}},"19":{"start":{"line":55,"column":21},"end":{"line":55,"column":68}},"20":{"start":{"line":56,"column":6},"end":{"line":58,"column":7}},"21":{"start":{"line":57,"column":8},"end":{"line":57,"column":65}},"22":{"start":{"line":59,"column":6},"end":{"line":68,"column":9}},"23":{"start":{"line":70,"column":6},"end":{"line":70,"column":62}},"24":{"start":{"line":71,"column":6},"end":{"line":71,"column":58}},"25":{"start":{"line":77,"column":4},"end":{"line":102,"column":5}},"26":{"start":{"line":78,"column":25},"end":{"line":83,"column":7}},"27":{"start":{"line":84,"column":21},"end":{"line":84,"column":78}},"28":{"start":{"line":85,"column":6},"end":{"line":87,"column":7}},"29":{"start":{"line":86,"column":8},"end":{"line":86,"column":65}},"30":{"start":{"line":88,"column":6},"end":{"line":88,"column":53}},"31":{"start":{"line":89,"column":6},"end":{"line":98,"column":9}},"32":{"start":{"line":100,"column":6},"end":{"line":100,"column":62}},"33":{"start":{"line":101,"column":6},"end":{"line":101,"column":58}},"34":{"start":{"line":107,"column":4},"end":{"line":117,"column":5}},"35":{"start":{"line":108,"column":21},"end":{"line":108,"column":66}},"36":{"start":{"line":109,"column":6},"end":{"line":111,"column":7}},"37":{"start":{"line":110,"column":8},"end":{"line":110,"column":65}},"38":{"start":{"line":112,"column":6},"end":{"line":112,"column":53}},"39":{"start":{"line":113,"column":6},"end":{"line":113,"column":72}},"40":{"start":{"line":115,"column":6},"end":{"line":115,"column":62}},"41":{"start":{"line":116,"column":6},"end":{"line":116,"column":58}},"42":{"start":{"line":121,"column":0},"end":{"line":121,"column":38}}},"fnMap":{"0":{"name":"(anonymous_0)","decl":{"start":{"line":7,"column":10},"end":{"line":7,"column":11}},"loc":{"start":{"line":7,"column":36},"end":{"line":29,"column":3}},"line":7},"1":{"name":"(anonymous_1)","decl":{"start":{"line":32,"column":11},"end":{"line":32,"column":12}},"loc":{"start":{"line":32,"column":37},"end":{"line":50,"column":3}},"line":32},"2":{"name":"(anonymous_2)","decl":{"start":{"line":35,"column":43},"end":{"line":35,"column":44}},"loc":{"start":{"line":35,"column":56},"end":{"line":44,"column":7}},"line":35},"3":{"name":"(anonymous_3)","decl":{"start":{"line":53,"column":12},"end":{"line":53,"column":13}},"loc":{"start":{"line":53,"column":38},"end":{"line":73,"column":3}},"line":53},"4":{"name":"(anonymous_4)","decl":{"start":{"line":76,"column":10},"end":{"line":76,"column":11}},"loc":{"start":{"line":76,"column":36},"end":{"line":103,"column":3}},"line":76},"5":{"name":"(anonymous_5)","decl":{"start":{"line":106,"column":10},"end":{"line":106,"column":11}},"loc":{"start":{"line":106,"column":36},"end":{"line":118,"column":3}},"line":106}},"branchMap":{"0":{"loc":{"start":{"line":56,"column":6},"end":{"line":58,"column":7}},"type":"if","locations":[{"start":{"line":56,"column":6},"end":{"line":58,"column":7}},{"start":{},"end":{}}],"line":56},"1":{"loc":{"start":{"line":80,"column":24},"end":{"line":82,"column":21}},"type":"cond-expr","locations":[{"start":{"line":81,"column":12},"end":{"line":81,"column":49}},{"start":{"line":82,"column":12},"end":{"line":82,"column":21}}],"line":80},"2":{"loc":{"start":{"line":85,"column":6},"end":{"line":87,"column":7}},"type":"if","locations":[{"start":{"line":85,"column":6},"end":{"line":87,"column":7}},{"start":{},"end":{}}],"line":85},"3":{"loc":{"start":{"line":109,"column":6},"end":{"line":111,"column":7}},"type":"if","locations":[{"start":{"line":109,"column":6},"end":{"line":111,"column":7}},{"start":{},"end":{}}],"line":109}},"s":{"0":1,"1":1,"2":1,"3":1,"4":0,"5":0,"6":0,"7":0,"8":0,"9":0,"10":0,"11":0,"12":0,"13":0,"14":0,"15":0,"16":0,"17":0,"18":0,"19":0,"20":0,"21":0,"22":0,"23":0,"24":0,"25":0,"26":0,"27":0,"28":0,"29":0,"30":0,"31":0,"32":0,"33":0,"34":0,"35":0,"36":0,"37":0,"38":0,"39":0,"40":0,"41":0,"42":1},"f":{"0":0,"1":0,"2":0,"3":0,"4":0,"5":0},"b":{"0":[0,0],"1":[0,0],"2":[0,0],"3":[0,0]},"_coverageSchema":"1a1c01bbd47fc00a2c39e90264f33305004495a9","hash":"4d550b77119beb2473a381ffa73af2aaa6993b2f"}
,"/Users/devrct/Developer/shop/server/src/modules/banner/banner.dto.js": {"path":"/Users/devrct/Developer/shop/server/src/modules/banner/banner.dto.js","statementMap":{"0":{"start":{"line":1,"column":14},"end":{"line":1,"column":28}},"1":{"start":{"line":3,"column":24},"end":{"line":13,"column":2}},"2":{"start":{"line":10,"column":45},"end":{"line":10,"column":68}},"3":{"start":{"line":15,"column":24},"end":{"line":28,"column":2}},"4":{"start":{"line":24,"column":21},"end":{"line":24,"column":44}},"5":{"start":{"line":30,"column":0},"end":{"line":30,"column":54}}},"fnMap":{"0":{"name":"(anonymous_0)","decl":{"start":{"line":10,"column":36},"end":{"line":10,"column":37}},"loc":{"start":{"line":10,"column":45},"end":{"line":10,"column":68}},"line":10},"1":{"name":"(anonymous_1)","decl":{"start":{"line":24,"column":12},"end":{"line":24,"column":13}},"loc":{"start":{"line":24,"column":21},"end":{"line":24,"column":44}},"line":24}},"branchMap":{},"s":{"0":1,"1":1,"2":0,"3":1,"4":0,"5":1},"f":{"0":0,"1":0},"b":{},"_coverageSchema":"1a1c01bbd47fc00a2c39e90264f33305004495a9","hash":"b15ca5e6d006ba2627786d33f0e586d8c23e7863"}
,"/Users/devrct/Developer/shop/server/src/modules/banner/banner.model.js": {"path":"/Users/devrct/Developer/shop/server/src/modules/banner/banner.model.js","statementMap":{"0":{"start":{"line":1,"column":17},"end":{"line":1,"column":36}},"1":{"start":{"line":3,"column":21},"end":{"line":16,"column":1}},"2":{"start":{"line":18,"column":15},"end":{"line":18,"column":53}},"3":{"start":{"line":20,"column":0},"end":{"line":20,"column":24}}},"fnMap":{},"branchMap":{},"s":{"0":1,"1":1,"2":1,"3":1},"f":{},"b":{},"_coverageSchema":"1a1c01bbd47fc00a2c39e90264f33305004495a9","hash":"a40d26d4bba45be22c40579490798436db81d7c8"}
,"/Users/devrct/Developer/shop/server/src/modules/banner/banner.routes.js": {"path":"/Users/devrct/Developer/shop/server/src/modules/banner/banner.routes.js","statementMap":{"0":{"start":{"line":1,"column":29},"end":{"line":1,"column":59}},"1":{"start":{"line":2,"column":45},"end":{"line":2,"column":68}},"2":{"start":{"line":3,"column":27},"end":{"line":3,"column":75}},"3":{"start":{"line":5,"column":21},"end":{"line":28,"column":1}},"4":{"start":{"line":7,"column":2},"end":{"line":7,"column":45}},"5":{"start":{"line":10,"column":2},"end":{"line":10,"column":49}},"6":{"start":{"line":13,"column":2},"end":{"line":17,"column":4}},"7":{"start":{"line":20,"column":2},"end":{"line":24,"column":4}},"8":{"start":{"line":27,"column":2},"end":{"line":27,"column":50}},"9":{"start":{"line":30,"column":0},"end":{"line":30,"column":30}}},"fnMap":{"0":{"name":"(anonymous_0)","decl":{"start":{"line":5,"column":21},"end":{"line":5,"column":22}},"loc":{"start":{"line":5,"column":49},"end":{"line":28,"column":1}},"line":5}},"branchMap":{},"s":{"0":1,"1":1,"2":1,"3":1,"4":0,"5":0,"6":0,"7":0,"8":0,"9":1},"f":{"0":0},"b":{},"_coverageSchema":"1a1c01bbd47fc00a2c39e90264f33305004495a9","hash":"a04c7e320170c6c2ceb200ef8207cf9729cb1911"}
,"/Users/devrct/Developer/shop/server/src/modules/banner/banner.service.js": {"path":"/Users/devrct/Developer/shop/server/src/modules/banner/banner.service.js","statementMap":{"0":{"start":{"line":1,"column":15},"end":{"line":1,"column":40}},"1":{"start":{"line":3,"column":22},"end":{"line":29,"column":1}},"2":{"start":{"line":6,"column":19},"end":{"line":6,"column":41}},"3":{"start":{"line":7,"column":4},"end":{"line":7,"column":31}},"4":{"start":{"line":12,"column":4},"end":{"line":12,"column":71}},"5":{"start":{"line":17,"column":4},"end":{"line":17,"column":37}},"6":{"start":{"line":22,"column":4},"end":{"line":22,"column":73}},"7":{"start":{"line":27,"column":4},"end":{"line":27,"column":46}},"8":{"start":{"line":31,"column":0},"end":{"line":31,"column":35}}},"fnMap":{"0":{"name":"(anonymous_0)","decl":{"start":{"line":5,"column":10},"end":{"line":5,"column":11}},"loc":{"start":{"line":5,"column":32},"end":{"line":8,"column":3}},"line":5},"1":{"name":"(anonymous_1)","decl":{"start":{"line":11,"column":11},"end":{"line":11,"column":12}},"loc":{"start":{"line":11,"column":23},"end":{"line":13,"column":3}},"line":11},"2":{"name":"(anonymous_2)","decl":{"start":{"line":16,"column":12},"end":{"line":16,"column":13}},"loc":{"start":{"line":16,"column":26},"end":{"line":18,"column":3}},"line":16},"3":{"name":"(anonymous_3)","decl":{"start":{"line":21,"column":10},"end":{"line":21,"column":11}},"loc":{"start":{"line":21,"column":36},"end":{"line":23,"column":3}},"line":21},"4":{"name":"(anonymous_4)","decl":{"start":{"line":26,"column":10},"end":{"line":26,"column":11}},"loc":{"start":{"line":26,"column":24},"end":{"line":28,"column":3}},"line":26}},"branchMap":{},"s":{"0":1,"1":1,"2":0,"3":0,"4":0,"5":0,"6":0,"7":0,"8":1},"f":{"0":0,"1":0,"2":0,"3":0,"4":0},"b":{},"_coverageSchema":"1a1c01bbd47fc00a2c39e90264f33305004495a9","hash":"cca27e317aa347c42a6b493a9609910253cb04ea"}
,"/Users/devrct/Developer/shop/server/src/modules/user/user.controller.js": {"path":"/Users/devrct/Developer/shop/server/src/modules/user/user.controller.js","statementMap":{"0":{"start":{"line":1,"column":24},"end":{"line":1,"column":49}},"1":{"start":{"line":2,"column":27},"end":{"line":2,"column":73}},"2":{"start":{"line":3,"column":15},"end":{"line":3,"column":53}},"3":{"start":{"line":4,"column":12},"end":{"line":4,"column":35}},"4":{"start":{"line":6,"column":22},"end":{"line":10,"column":1}},"5":{"start":{"line":7,"column":2},"end":{"line":9,"column":5}},"6":{"start":{"line":12,"column":23},"end":{"line":96,"column":1}},"7":{"start":{"line":15,"column":4},"end":{"line":27,"column":5}},"8":{"start":{"line":16,"column":19},"end":{"line":16,"column":59}},"9":{"start":{"line":17,"column":6},"end":{"line":17,"column":52}},"10":{"start":{"line":18,"column":6},"end":{"line":23,"column":8}},"11":{"start":{"line":25,"column":6},"end":{"line":25,"column":63}},"12":{"start":{"line":26,"column":6},"end":{"line":26,"column":58}},"13":{"start":{"line":32,"column":4},"end":{"line":47,"column":5}},"14":{"start":{"line":33,"column":19},"end":{"line":33,"column":61}},"15":{"start":{"line":34,"column":20},"end":{"line":34,"column":39}},"16":{"start":{"line":35,"column":6},"end":{"line":35,"column":50}},"17":{"start":{"line":36,"column":6},"end":{"line":43,"column":9}},"18":{"start":{"line":45,"column":6},"end":{"line":45,"column":61}},"19":{"start":{"line":46,"column":6},"end":{"line":46,"column":58}},"20":{"start":{"line":52,"column":4},"end":{"line":67,"column":5}},"21":{"start":{"line":53,"column":19},"end":{"line":53,"column":68}},"22":{"start":{"line":54,"column":20},"end":{"line":54,"column":39}},"23":{"start":{"line":55,"column":6},"end":{"line":55,"column":51}},"24":{"start":{"line":56,"column":6},"end":{"line":63,"column":9}},"25":{"start":{"line":65,"column":6},"end":{"line":65,"column":57}},"26":{"start":{"line":66,"column":6},"end":{"line":66,"column":58}},"27":{"start":{"line":72,"column":4},"end":{"line":94,"column":5}},"28":{"start":{"line":73,"column":19},"end":{"line":76,"column":7}},"29":{"start":{"line":77,"column":6},"end":{"line":79,"column":7}},"30":{"start":{"line":78,"column":8},"end":{"line":78,"column":63}},"31":{"start":{"line":80,"column":6},"end":{"line":80,"column":57}},"32":{"start":{"line":81,"column":6},"end":{"line":90,"column":9}},"33":{"start":{"line":92,"column":6},"end":{"line":92,"column":63}},"34":{"start":{"line":93,"column":6},"end":{"line":93,"column":58}},"35":{"start":{"line":98,"column":0},"end":{"line":98,"column":36}}},"fnMap":{"0":{"name":"(anonymous_0)","decl":{"start":{"line":6,"column":22},"end":{"line":6,"column":23}},"loc":{"start":{"line":6,"column":32},"end":{"line":10,"column":1}},"line":6},"1":{"name":"(anonymous_1)","decl":{"start":{"line":14,"column":12},"end":{"line":14,"column":13}},"loc":{"start":{"line":14,"column":38},"end":{"line":28,"column":3}},"line":14},"2":{"name":"(anonymous_2)","decl":{"start":{"line":31,"column":14},"end":{"line":31,"column":15}},"loc":{"start":{"line":31,"column":40},"end":{"line":48,"column":3}},"line":31},"3":{"name":"(anonymous_3)","decl":{"start":{"line":51,"column":21},"end":{"line":51,"column":22}},"loc":{"start":{"line":51,"column":47},"end":{"line":68,"column":3}},"line":51},"4":{"name":"(anonymous_4)","decl":{"start":{"line":71,"column":17},"end":{"line":71,"column":18}},"loc":{"start":{"line":71,"column":43},"end":{"line":95,"column":3}},"line":71}},"branchMap":{"0":{"loc":{"start":{"line":77,"column":6},"end":{"line":79,"column":7}},"type":"if","locations":[{"start":{"line":77,"column":6},"end":{"line":79,"column":7}},{"start":{},"end":{}}],"line":77}},"s":{"0":1,"1":1,"2":1,"3":1,"4":1,"5":0,"6":1,"7":0,"8":0,"9":0,"10":0,"11":0,"12":0,"13":0,"14":0,"15":0,"16":0,"17":0,"18":0,"19":0,"20":0,"21":0,"22":0,"23":0,"24":0,"25":0,"26":0,"27":0,"28":0,"29":0,"30":0,"31":0,"32":0,"33":0,"34":0,"35":1},"f":{"0":0,"1":0,"2":0,"3":0,"4":0},"b":{"0":[0,0]},"_coverageSchema":"1a1c01bbd47fc00a2c39e90264f33305004495a9","hash":"a0b7b9d31690a56eea9dff71fea22d5af0f4683b"}
,"/Users/devrct/Developer/shop/server/src/modules/user/user.dto.js": {"path":"/Users/devrct/Developer/shop/server/src/modules/user/user.dto.js","statementMap":{"0":{"start":{"line":1,"column":14},"end":{"line":1,"column":28}},"1":{"start":{"line":3,"column":20},"end":{"line":6,"column":2}},"2":{"start":{"line":8,"column":22},"end":{"line":11,"column":2}},"3":{"start":{"line":13,"column":29},"end":{"line":16,"column":2}},"4":{"start":{"line":18,"column":25},"end":{"line":23,"column":2}},"5":{"start":{"line":25,"column":0},"end":{"line":30,"column":2}}},"fnMap":{},"branchMap":{},"s":{"0":1,"1":1,"2":1,"3":1,"4":1,"5":1},"f":{},"b":{},"_coverageSchema":"1a1c01bbd47fc00a2c39e90264f33305004495a9","hash":"5ed10131d0ab3e5c85008402b70dd3ef70a04067"}
,"/Users/devrct/Developer/shop/server/src/modules/user/user.model.js": {"path":"/Users/devrct/Developer/shop/server/src/modules/user/user.model.js","statementMap":{"0":{"start":{"line":1,"column":17},"end":{"line":1,"column":36}},"1":{"start":{"line":2,"column":15},"end":{"line":2,"column":32}},"2":{"start":{"line":4,"column":28},"end":{"line":12,"column":2}},"3":{"start":{"line":14,"column":19},"end":{"line":35,"column":1}},"4":{"start":{"line":38,"column":0},"end":{"line":43,"column":3}},"5":{"start":{"line":39,"column":2},"end":{"line":41,"column":3}},"6":{"start":{"line":40,"column":4},"end":{"line":40,"column":57}},"7":{"start":{"line":42,"column":2},"end":{"line":42,"column":9}},"8":{"start":{"line":46,"column":0},"end":{"line":56,"column":3}},"9":{"start":{"line":47,"column":2},"end":{"line":54,"column":3}},"10":{"start":{"line":48,"column":22},"end":{"line":48,"column":67}},"11":{"start":{"line":49,"column":4},"end":{"line":53,"column":5}},"12":{"start":{"line":50,"column":6},"end":{"line":50,"column":30}},"13":{"start":{"line":51,"column":6},"end":{"line":51,"column":39}},"14":{"start":{"line":52,"column":6},"end":{"line":52,"column":79}},"15":{"start":{"line":55,"column":2},"end":{"line":55,"column":9}},"16":{"start":{"line":58,"column":13},"end":{"line":58,"column":47}},"17":{"start":{"line":60,"column":0},"end":{"line":60,"column":22}}},"fnMap":{"0":{"name":"(anonymous_0)","decl":{"start":{"line":38,"column":23},"end":{"line":38,"column":24}},"loc":{"start":{"line":38,"column":45},"end":{"line":43,"column":1}},"line":38},"1":{"name":"(anonymous_1)","decl":{"start":{"line":46,"column":23},"end":{"line":46,"column":24}},"loc":{"start":{"line":46,"column":45},"end":{"line":56,"column":1}},"line":46}},"branchMap":{"0":{"loc":{"start":{"line":39,"column":2},"end":{"line":41,"column":3}},"type":"if","locations":[{"start":{"line":39,"column":2},"end":{"line":41,"column":3}},{"start":{},"end":{}}],"line":39},"1":{"loc":{"start":{"line":39,"column":6},"end":{"line":39,"column":50}},"type":"binary-expr","locations":[{"start":{"line":39,"column":6},"end":{"line":39,"column":33}},{"start":{"line":39,"column":37},"end":{"line":39,"column":50}}],"line":39},"2":{"loc":{"start":{"line":47,"column":2},"end":{"line":54,"column":3}},"type":"if","locations":[{"start":{"line":47,"column":2},"end":{"line":54,"column":3}},{"start":{},"end":{}}],"line":47},"3":{"loc":{"start":{"line":49,"column":4},"end":{"line":53,"column":5}},"type":"if","locations":[{"start":{"line":49,"column":4},"end":{"line":53,"column":5}},{"start":{},"end":{}}],"line":49}},"s":{"0":1,"1":1,"2":1,"3":1,"4":1,"5":0,"6":0,"7":0,"8":1,"9":0,"10":0,"11":0,"12":0,"13":0,"14":0,"15":0,"16":1,"17":1},"f":{"0":0,"1":0},"b":{"0":[0,0],"1":[0,0],"2":[0,0],"3":[0,0]},"_coverageSchema":"1a1c01bbd47fc00a2c39e90264f33305004495a9","hash":"dc68c1388130acb993c25ab5ad26dff8e46afe74"}
,"/Users/devrct/Developer/shop/server/src/modules/user/user.routes.js": {"path":"/Users/devrct/Developer/shop/server/src/modules/user/user.routes.js","statementMap":{"0":{"start":{"line":1,"column":27},"end":{"line":1,"column":55}},"1":{"start":{"line":7,"column":4},"end":{"line":7,"column":25}},"2":{"start":{"line":8,"column":27},"end":{"line":8,"column":75}},"3":{"start":{"line":9,"column":23},"end":{"line":9,"column":67}},"4":{"start":{"line":11,"column":19},"end":{"line":39,"column":1}},"5":{"start":{"line":13,"column":2},"end":{"line":17,"column":4}},"6":{"start":{"line":20,"column":2},"end":{"line":24,"column":4}},"7":{"start":{"line":27,"column":2},"end":{"line":31,"column":4}},"8":{"start":{"line":34,"column":2},"end":{"line":38,"column":4}},"9":{"start":{"line":41,"column":0},"end":{"line":41,"column":28}}},"fnMap":{"0":{"name":"(anonymous_0)","decl":{"start":{"line":11,"column":19},"end":{"line":11,"column":20}},"loc":{"start":{"line":11,"column":47},"end":{"line":39,"column":1}},"line":11}},"branchMap":{},"s":{"0":1,"1":1,"2":1,"3":1,"4":1,"5":1,"6":1,"7":1,"8":1,"9":1},"f":{"0":1},"b":{},"_coverageSchema":"1a1c01bbd47fc00a2c39e90264f33305004495a9","hash":"fa03f095fed366eb2ae5525b6e99573ec2a43406"}
,"/Users/devrct/Developer/shop/server/src/modules/user/user.service.js": {"path":"/Users/devrct/Developer/shop/server/src/modules/user/user.service.js","statementMap":{"0":{"start":{"line":1,"column":13},"end":{"line":1,"column":36}},"1":{"start":{"line":2,"column":33},"end":{"line":2,"column":70}},"2":{"start":{"line":3,"column":15},"end":{"line":3,"column":32}},"3":{"start":{"line":5,"column":33},"end":{"line":7,"column":1}},"4":{"start":{"line":6,"column":2},"end":{"line":6,"column":64}},"5":{"start":{"line":9,"column":20},"end":{"line":87,"column":1}},"6":{"start":{"line":12,"column":15},"end":{"line":12,"column":60}},"7":{"start":{"line":13,"column":4},"end":{"line":15,"column":5}},"8":{"start":{"line":14,"column":6},"end":{"line":14,"column":50}},"9":{"start":{"line":17,"column":17},"end":{"line":17,"column":43}},"10":{"start":{"line":18,"column":20},"end":{"line":18,"column":57}},"11":{"start":{"line":20,"column":4},"end":{"line":31,"column":5}},"12":{"start":{"line":21,"column":6},"end":{"line":27,"column":9}},"13":{"start":{"line":29,"column":6},"end":{"line":29,"column":35}},"14":{"start":{"line":30,"column":6},"end":{"line":30,"column":45}},"15":{"start":{"line":33,"column":4},"end":{"line":33,"column":22}},"16":{"start":{"line":34,"column":4},"end":{"line":34,"column":49}},"17":{"start":{"line":35,"column":4},"end":{"line":35,"column":16}},"18":{"start":{"line":40,"column":17},"end":{"line":44,"column":6}},"19":{"start":{"line":46,"column":4},"end":{"line":48,"column":5}},"20":{"start":{"line":47,"column":6},"end":{"line":47,"column":62}},"21":{"start":{"line":50,"column":4},"end":{"line":50,"column":38}},"22":{"start":{"line":51,"column":4},"end":{"line":51,"column":45}},"23":{"start":{"line":52,"column":4},"end":{"line":53,"column":75}},"24":{"start":{"line":54,"column":4},"end":{"line":54,"column":22}},"25":{"start":{"line":56,"column":4},"end":{"line":56,"column":16}},"26":{"start":{"line":61,"column":17},"end":{"line":61,"column":46}},"27":{"start":{"line":62,"column":4},"end":{"line":64,"column":5}},"28":{"start":{"line":63,"column":6},"end":{"line":63,"column":65}},"29":{"start":{"line":66,"column":20},"end":{"line":66,"column":65}},"30":{"start":{"line":67,"column":4},"end":{"line":69,"column":5}},"31":{"start":{"line":68,"column":6},"end":{"line":68,"column":45}},"32":{"start":{"line":71,"column":4},"end":{"line":71,"column":16}},"33":{"start":{"line":76,"column":23},"end":{"line":76,"column":41}},"34":{"start":{"line":77,"column":4},"end":{"line":79,"column":5}},"35":{"start":{"line":78,"column":6},"end":{"line":78,"column":72}},"36":{"start":{"line":80,"column":4},"end":{"line":80,"column":75}},"37":{"start":{"line":85,"column":4},"end":{"line":85,"column":35}},"38":{"start":{"line":89,"column":0},"end":{"line":89,"column":33}}},"fnMap":{"0":{"name":"(anonymous_0)","decl":{"start":{"line":5,"column":33},"end":{"line":5,"column":34}},"loc":{"start":{"line":5,"column":39},"end":{"line":7,"column":1}},"line":5},"1":{"name":"(anonymous_1)","decl":{"start":{"line":11,"column":12},"end":{"line":11,"column":13}},"loc":{"start":{"line":11,"column":32},"end":{"line":36,"column":3}},"line":11},"2":{"name":"(anonymous_2)","decl":{"start":{"line":39,"column":14},"end":{"line":39,"column":15}},"loc":{"start":{"line":39,"column":41},"end":{"line":57,"column":3}},"line":39},"3":{"name":"(anonymous_3)","decl":{"start":{"line":60,"column":21},"end":{"line":60,"column":22}},"loc":{"start":{"line":60,"column":52},"end":{"line":72,"column":3}},"line":60},"4":{"name":"(anonymous_4)","decl":{"start":{"line":75,"column":17},"end":{"line":75,"column":18}},"loc":{"start":{"line":75,"column":48},"end":{"line":81,"column":3}},"line":75},"5":{"name":"(anonymous_5)","decl":{"start":{"line":84,"column":12},"end":{"line":84,"column":13}},"loc":{"start":{"line":84,"column":26},"end":{"line":86,"column":3}},"line":84}},"branchMap":{"0":{"loc":{"start":{"line":13,"column":4},"end":{"line":15,"column":5}},"type":"if","locations":[{"start":{"line":13,"column":4},"end":{"line":15,"column":5}},{"start":{},"end":{}}],"line":13},"1":{"loc":{"start":{"line":13,"column":8},"end":{"line":13,"column":46}},"type":"binary-expr","locations":[{"start":{"line":13,"column":8},"end":{"line":13,"column":12}},{"start":{"line":13,"column":16},"end":{"line":13,"column":46}}],"line":13},"2":{"loc":{"start":{"line":20,"column":4},"end":{"line":31,"column":5}},"type":"if","locations":[{"start":{"line":20,"column":4},"end":{"line":31,"column":5}},{"start":{"line":28,"column":11},"end":{"line":31,"column":5}}],"line":20},"3":{"loc":{"start":{"line":46,"column":4},"end":{"line":48,"column":5}},"type":"if","locations":[{"start":{"line":46,"column":4},"end":{"line":48,"column":5}},{"start":{},"end":{}}],"line":46},"4":{"loc":{"start":{"line":53,"column":6},"end":{"line":53,"column":74}},"type":"cond-expr","locations":[{"start":{"line":53,"column":39},"end":{"line":53,"column":55}},{"start":{"line":53,"column":58},"end":{"line":53,"column":74}}],"line":53},"5":{"loc":{"start":{"line":62,"column":4},"end":{"line":64,"column":5}},"type":"if","locations":[{"start":{"line":62,"column":4},"end":{"line":64,"column":5}},{"start":{},"end":{}}],"line":62},"6":{"loc":{"start":{"line":62,"column":8},"end":{"line":62,"column":31}},"type":"binary-expr","locations":[{"start":{"line":62,"column":8},"end":{"line":62,"column":13}},{"start":{"line":62,"column":17},"end":{"line":62,"column":31}}],"line":62},"7":{"loc":{"start":{"line":67,"column":4},"end":{"line":69,"column":5}},"type":"if","locations":[{"start":{"line":67,"column":4},"end":{"line":69,"column":5}},{"start":{},"end":{}}],"line":67},"8":{"loc":{"start":{"line":77,"column":4},"end":{"line":79,"column":5}},"type":"if","locations":[{"start":{"line":77,"column":4},"end":{"line":79,"column":5}},{"start":{},"end":{}}],"line":77}},"s":{"0":1,"1":1,"2":1,"3":1,"4":0,"5":1,"6":0,"7":0,"8":0,"9":0,"10":0,"11":0,"12":0,"13":0,"14":0,"15":0,"16":0,"17":0,"18":0,"19":0,"20":0,"21":0,"22":0,"23":0,"24":0,"25":0,"26":0,"27":0,"28":0,"29":0,"30":0,"31":0,"32":0,"33":0,"34":0,"35":0,"36":0,"37":0,"38":1},"f":{"0":0,"1":0,"2":0,"3":0,"4":0,"5":0},"b":{"0":[0,0],"1":[0,0],"2":[0,0],"3":[0,0],"4":[0,0],"5":[0,0],"6":[0,0],"7":[0,0],"8":[0,0]},"_coverageSchema":"1a1c01bbd47fc00a2c39e90264f33305004495a9","hash":"29f01fd3829fd59af07ee4ff02b00b964403d6f1"}
,"/Users/devrct/Developer/shop/server/src/websocket/index.js": {"path":"/Users/devrct/Developer/shop/server/src/websocket/index.js","statementMap":{"0":{"start":{"line":1,"column":24},"end":{"line":8,"column":1}},"1":{"start":{"line":2,"column":2},"end":{"line":2,"column":50}},"2":{"start":{"line":3,"column":2},"end":{"line":7,"column":5}},"3":{"start":{"line":4,"column":4},"end":{"line":6,"column":7}},"4":{"start":{"line":5,"column":6},"end":{"line":5,"column":53}},"5":{"start":{"line":10,"column":0},"end":{"line":10,"column":33}}},"fnMap":{"0":{"name":"(anonymous_0)","decl":{"start":{"line":1,"column":24},"end":{"line":1,"column":25}},"loc":{"start":{"line":1,"column":49},"end":{"line":8,"column":1}},"line":1},"1":{"name":"(anonymous_1)","decl":{"start":{"line":3,"column":42},"end":{"line":3,"column":43}},"loc":{"start":{"line":3,"column":63},"end":{"line":7,"column":3}},"line":3},"2":{"name":"(anonymous_2)","decl":{"start":{"line":4,"column":36},"end":{"line":4,"column":37}},"loc":{"start":{"line":4,"column":49},"end":{"line":6,"column":5}},"line":4}},"branchMap":{},"s":{"0":1,"1":1,"2":1,"3":0,"4":0,"5":1},"f":{"0":1,"1":0,"2":0},"b":{},"_coverageSchema":"1a1c01bbd47fc00a2c39e90264f33305004495a9","hash":"1f621e5919967117d8526bc32434c9d2216c890b"}
}
